11:37:52: Creating resource group General
11:37:52: Creating resource group Internal
11:37:52: Creating resource group Autodetect
11:37:52: SceneManagerFactory for type 'DefaultSceneManager' registered.
11:37:52: Registering ResourceManager for type Material
11:37:52: Registering ResourceManager for type Mesh
11:37:52: Registering ResourceManager for type Skeleton
11:37:52: MovableObjectFactory for type 'ParticleSystem' registered.
11:37:52: ArchiveFactory for archive type FileSystem registered.
11:37:52: ArchiveFactory for archive type Zip registered.
11:37:52: ArchiveFactory for archive type EmbeddedZip registered.
11:37:52: DDS codec registering
11:37:52: FreeImage version: 3.15.3
11:37:52: This program uses FreeImage, a free, open source image library supporting all common bitmap formats. See http://freeimage.sourceforge.net for details
11:37:52: Supported formats: bmp,ico,jpg,jif,jpeg,jpe,jng,koa,iff,lbm,mng,pbm,pbm,pcd,pcx,pgm,pgm,png,ppm,ppm,ras,tga,targa,tif,tiff,wap,wbmp,wbm,psd,cut,xbm,xpm,gif,hdr,g3,sgi,exr,j2k,j2c,jp2,pfm,pct,pict,pic,3fr,arw,bay,bmq,cap,cine,cr2,crw,cs1,dc2,dcr,drf,dsc,dng,erf,fff,ia,iiq,k25,kc2,kdc,mdc,mef,mos,mrw,nef,nrw,orf,pef,ptx,pxn,qtk,raf,raw,rdc,rw2,rwl,rwz,sr2,srf,srw,sti
11:37:52: Registering ResourceManager for type HighLevelGpuProgram
11:37:52: Registering ResourceManager for type Compositor
11:37:52: MovableObjectFactory for type 'Entity' registered.
11:37:52: MovableObjectFactory for type 'Light' registered.
11:37:52: MovableObjectFactory for type 'BillboardSet' registered.
11:37:52: MovableObjectFactory for type 'ManualObject' registered.
11:37:52: MovableObjectFactory for type 'BillboardChain' registered.
11:37:52: MovableObjectFactory for type 'RibbonTrail' registered.
11:37:52: Loading library .\RenderSystem_Direct3D9
11:37:52: Installing plugin: D3D9 RenderSystem
11:37:52: D3D9 : Direct3D9 Rendering Subsystem created.
11:37:52: D3D9: Driver Detection Starts
11:37:52: D3D9: Driver Detection Ends
11:37:52: Plugin successfully installed
11:37:52: Loading library .\RenderSystem_Direct3D11
11:37:52: Installing plugin: D3D11 RenderSystem
11:37:52: D3D11 : Direct3D11 Rendering Subsystem created.
11:37:52: D3D11: Driver Detection Starts
11:37:52: D3D11: Driver Detection Ends
11:37:53: Plugin successfully installed
11:37:53: Loading library .\RenderSystem_GL
11:37:53: Installing plugin: GL RenderSystem
11:37:53: OpenGL Rendering Subsystem created.
11:37:53: Plugin successfully installed
11:37:53: Loading library .\Plugin_ParticleFX
11:37:53: Installing plugin: ParticleFX
11:37:53: Particle Emitter Type 'Point' registered
11:37:53: Particle Emitter Type 'Box' registered
11:37:53: Particle Emitter Type 'Ellipsoid' registered
11:37:53: Particle Emitter Type 'Cylinder' registered
11:37:53: Particle Emitter Type 'Ring' registered
11:37:53: Particle Emitter Type 'HollowEllipsoid' registered
11:37:53: Particle Affector Type 'LinearForce' registered
11:37:53: Particle Affector Type 'ColourFader' registered
11:37:53: Particle Affector Type 'ColourFader2' registered
11:37:53: Particle Affector Type 'ColourImage' registered
11:37:53: Particle Affector Type 'ColourInterpolator' registered
11:37:53: Particle Affector Type 'Scaler' registered
11:37:53: Particle Affector Type 'Rotator' registered
11:37:53: Particle Affector Type 'DirectionRandomiser' registered
11:37:53: Particle Affector Type 'DeflectorPlane' registered
11:37:53: Plugin successfully installed
11:37:53: Loading library .\Plugin_BSPSceneManager
11:37:53: Installing plugin: BSP Scene Manager
11:37:53: Plugin successfully installed
11:37:53: Loading library .\Plugin_CgProgramManager
11:37:53: Installing plugin: Cg Program Manager
11:37:53: Plugin successfully installed
11:37:53: Loading library .\Plugin_PCZSceneManager
11:37:53: Installing plugin: Portal Connected Zone Scene Manager
11:37:53: PCZone Factory Type 'ZoneType_Default' registered
11:37:53: Plugin successfully installed
11:37:53: Loading library .\Plugin_OctreeZone
11:37:53: Installing plugin: Octree Zone Factory
11:37:53: Plugin successfully installed
11:37:53: Loading library .\Plugin_OctreeSceneManager
11:37:53: Installing plugin: Octree Scene Manager
11:37:53: Plugin successfully installed
11:37:53: *-*-* OGRE Initialising
11:37:53: *-*-* Version 1.9.0 (Ghadamon)
11:37:53: Creating resource group Essential
11:37:53: Added resource location '../Media/thumbnails' of type 'FileSystem' to resource group 'Essential'
11:37:53: Added resource location '../Media/packs/SdkTrays.zip' of type 'Zip' to resource group 'Essential'
11:37:53: Added resource location '../Media/packs/profiler.zip' of type 'Zip' to resource group 'Essential'
11:37:53: Added resource location '../Media' of type 'FileSystem' to resource group 'General'
11:37:53: Creating resource group Popular
11:37:53: Added resource location '../Media/fonts' of type 'FileSystem' to resource group 'Popular'
11:37:53: Added resource location '../Media/materials/programs' of type 'FileSystem' to resource group 'Popular'
11:37:53: Added resource location '../Media/materials/programs/GLSL' of type 'FileSystem' to resource group 'Popular'
11:37:53: Added resource location '../Media/materials/programs/GLSL150' of type 'FileSystem' to resource group 'Popular'
11:37:53: Added resource location '../Media/materials/programs/GLSL400' of type 'FileSystem' to resource group 'Popular'
11:37:53: Added resource location '../Media/materials/programs/GLSLES' of type 'FileSystem' to resource group 'Popular'
11:37:53: Added resource location '../Media/materials/programs/HLSL' of type 'FileSystem' to resource group 'Popular'
11:37:53: Added resource location '../Media/materials/programs/Cg' of type 'FileSystem' to resource group 'Popular'
11:37:53: Added resource location '../Media/materials/scripts' of type 'FileSystem' to resource group 'Popular'
11:37:53: Added resource location '../Media/materials/textures' of type 'FileSystem' to resource group 'Popular'
11:37:53: Added resource location '../Media/models' of type 'FileSystem' to resource group 'Popular'
11:37:53: Added resource location '../Media/particle' of type 'FileSystem' to resource group 'Popular'
11:37:53: Added resource location '../Media/DeferredShadingMedia' of type 'FileSystem' to resource group 'Popular'
11:37:53: Added resource location '../Media/packs/skybox.zip' of type 'Zip' to resource group 'Popular'
11:37:53: D3D11 : RenderSystem Option: Allow NVPerfHUD = No
11:37:53: D3D11 : RenderSystem Option: Driver type = Hardware
11:37:53: D3D11 : RenderSystem Option: FSAA = 0
11:37:53: D3D11 : RenderSystem Option: Floating-point mode = Fastest
11:37:53: D3D11 : RenderSystem Option: Full Screen = Yes
11:37:53: D3D11 : RenderSystem Option: Information Queue Exceptions Bottom Level = No information queue exceptions
11:37:53: D3D11 : RenderSystem Option: Max Requested Feature Levels = 11.0
11:37:53: D3D11 : RenderSystem Option: Min Requested Feature Levels = 9.1
11:37:53: D3D11 : RenderSystem Option: Rendering Device = Intel(R) HD Graphics 4000
11:37:53: D3D11 : RenderSystem Option: VSync = No
11:37:53: D3D11 : RenderSystem Option: VSync Interval = 1
11:37:53: D3D11 : RenderSystem Option: Video Mode = 800 x 600 @ 32-bit colour
11:37:53: D3D11 : RenderSystem Option: sRGB Gamma Conversion = No
11:37:53: D3D9 : RenderSystem Option: Allow DirectX9Ex = No
11:37:53: D3D9 : RenderSystem Option: Allow NVPerfHUD = No
11:37:53: D3D9 : RenderSystem Option: FSAA = 0
11:37:53: D3D9 : RenderSystem Option: Fixed Pipeline Enabled = Yes
11:37:53: D3D9 : RenderSystem Option: Floating-point mode = Fastest
11:37:53: D3D9 : RenderSystem Option: Full Screen = Yes
11:37:53: D3D9 : RenderSystem Option: Multi device memory hint = Use minimum system memory
11:37:53: D3D9 : RenderSystem Option: Rendering Device = Monitor-1-Intel(R) HD Graphics 4000
11:37:53: D3D9 : RenderSystem Option: Resource Creation Policy = Create on all devices
11:37:53: D3D9 : RenderSystem Option: Use Multihead = Auto
11:37:53: D3D9 : RenderSystem Option: VSync = No
11:37:53: D3D9 : RenderSystem Option: VSync Interval = 1
11:37:53: D3D9 : RenderSystem Option: Video Mode = 800 x 600 @ 32-bit colour
11:37:53: D3D9 : RenderSystem Option: sRGB Gamma Conversion = No
11:38:20: CPU Identifier & Features
11:38:20: -------------------------
11:38:20:  *   CPU ID: GenuineIntel: Intel(R) Core(TM) i5-3210M CPU @ 2.50GHz
11:38:20:  *      SSE: yes
11:38:20:  *     SSE2: yes
11:38:20:  *     SSE3: yes
11:38:20:  *      MMX: yes
11:38:20:  *   MMXEXT: yes
11:38:20:  *    3DNOW: no
11:38:20:  * 3DNOWEXT: no
11:38:20:  *     CMOV: yes
11:38:20:  *      TSC: yes
11:38:20:  *      FPU: yes
11:38:20:  *      PRO: yes
11:38:20:  *       HT: no
11:38:20: -------------------------
11:38:20: *** Starting Win32GL Subsystem ***
11:38:20: Registering ResourceManager for type Texture
11:38:20: GLRenderSystem::_createRenderWindow "ArenIA : Fight", 1280x768 windowed  miscParams: FSAA=0 FSAAHint= colourDepth=32 displayFrequency=0 gamma=false vsync=true vsyncInterval=1 
11:38:20: Created Win32Window 'ArenIA : Fight' : 1296x807, 32bpp
11:38:20: GL_VERSION = 4.0.0 - Build 10.18.10.4276
11:38:20: GL_VENDOR = Intel
11:38:20: GL_RENDERER = Intel(R) HD Graphics 4000
11:38:20: GL_EXTENSIONS = GL_EXT_blend_minmax GL_EXT_blend_subtract GL_EXT_blend_color GL_EXT_abgr GL_EXT_texture3D GL_EXT_clip_volume_hint GL_EXT_compiled_vertex_array GL_SGIS_texture_edge_clamp GL_SGIS_generate_mipmap GL_EXT_draw_range_elements GL_SGIS_texture_lod GL_EXT_rescale_normal GL_EXT_packed_pixels GL_EXT_texture_edge_clamp GL_EXT_separate_specular_color GL_ARB_multitexture GL_ARB_map_buffer_alignment GL_ARB_conservative_depth GL_EXT_texture_env_combine GL_EXT_bgra GL_EXT_blend_func_separate GL_EXT_secondary_color GL_EXT_fog_coord GL_EXT_texture_env_add GL_ARB_texture_cube_map GL_ARB_transpose_matrix GL_ARB_internalformat_query GL_ARB_internalformat_query2 GL_ARB_texture_env_add GL_IBM_texture_mirrored_repeat GL_EXT_multi_draw_arrays GL_SUN_multi_draw_arrays GL_NV_blend_square GL_ARB_texture_compression GL_3DFX_texture_compression_FXT1 GL_EXT_texture_filter_anisotropic GL_ARB_texture_border_clamp GL_ARB_point_parameters GL_ARB_texture_env_combine GL_ARB_texture_env_dot3 GL_ARB_texture_env_crossbar GL_EXT_texture_compression_s3tc GL_ARB_shadow GL_ARB_window_pos GL_EXT_shadow_funcs GL_EXT_stencil_wrap GL_ARB_vertex_program GL_EXT_texture_rectangle GL_ARB_fragment_program GL_EXT_stencil_two_side GL_ATI_separate_stencil GL_ARB_vertex_buffer_object GL_EXT_texture_lod_bias GL_ARB_occlusion_query GL_ARB_fragment_shader GL_ARB_shader_objects GL_ARB_shading_language_100 GL_ARB_texture_non_power_of_two GL_ARB_vertex_shader GL_NV_texgen_reflection GL_ARB_point_sprite GL_ARB_fragment_program_shadow GL_EXT_blend_equation_separate GL_ARB_depth_texture GL_ARB_texture_rectangle GL_ARB_draw_buffers GL_ARB_color_buffer_float GL_ARB_half_float_pixel GL_ARB_texture_float GL_ARB_pixel_buffer_object GL_EXT_framebuffer_object GL_ARB_draw_instanced GL_ARB_half_float_vertex GL_ARB_occlusion_query2 GL_EXT_draw_buffers2 GL_WIN_swap_hint GL_EXT_texture_sRGB GL_ARB_multisample GL_EXT_packed_float GL_EXT_texture_shared_exponent GL_ARB_texture_rg GL_ARB_texture_compression_rgtc GL_NV_conditional_render GL_ARB_texture_swizzle GL_EXT_texture_swizzle GL_ARB_texture_gather GL_ARB_sync GL_ARB_framebuffer_sRGB GL_EXT_packed_depth_stencil GL_ARB_depth_buffer_float GL_EXT_transform_feedback GL_ARB_transform_feedback2 GL_ARB_draw_indirect GL_EXT_framebuffer_blit GL_EXT_framebuffer_multisample GL_ARB_framebuffer_object GL_ARB_framebuffer_no_attachments GL_EXT_texture_array GL_EXT_texture_integer GL_ARB_map_buffer_range GL_ARB_texture_buffer_range GL_EXT_texture_buffer GL_EXT_texture_snorm GL_ARB_blend_func_extended GL_INTEL_performance_queries GL_INTEL_performance_query GL_ARB_copy_buffer GL_ARB_sampler_objects GL_NV_primitive_restart GL_ARB_seamless_cube_map GL_ARB_uniform_buffer_object GL_ARB_depth_clamp GL_ARB_vertex_array_bgra GL_ARB_shader_bit_encoding GL_ARB_draw_buffers_blend GL_ARB_geometry_shader4 GL_EXT_geometry_shader4 GL_ARB_texture_query_lod GL_ARB_explicit_attrib_location GL_ARB_draw_elements_base_vertex GL_ARB_instanced_arrays GL_ARB_base_instance GL_ARB_fragment_coord_conventions GL_EXT_gpu_program_parameters GL_ARB_texture_buffer_object_rgb32 GL_ARB_compatibility GL_ARB_texture_rgb10_a2ui GL_ARB_texture_multisample GL_ARB_vertex_type_2_10_10_10_rev GL_ARB_timer_query GL_ARB_tessellation_shader GL_ARB_vertex_array_object GL_ARB_provoking_vertex GL_ARB_sample_shading GL_ARB_texture_cube_map_array GL_EXT_gpu_shader4 GL_ARB_gpu_shader5 GL_ARB_gpu_shader_fp64 GL_ARB_shader_subroutine GL_ARB_transform_feedback3 GL_ARB_get_program_binary GL_ARB_separate_shader_objects GL_ARB_shader_precision GL_ARB_vertex_attrib_64bit GL_ARB_viewport_array GL_ARB_transform_feedback_instanced GL_ARB_compressed_texture_pixel_storage GL_ARB_shader_atomic_counters GL_ARB_shading_language_packing GL_ARB_shading_language_420pack GL_ARB_texture_storage GL_EXT_texture_storage GL_ARB_vertex_attrib_binding GL_ARB_multi_draw_indirect GL_ARB_program_interface_query GL_ARB_texture_storage_multisample GL_ARB_buffer_storage GL_ARB_debug_output GL_KHR_debug GL_ARB_arrays_of_arrays GL_INTEL_map_texture GL_ARB_texture_compression_bptc GL_ARB_ES2_compatibility GL_ARB_ES3_compatibility GL_ARB_robustness GL_EXT_texture_sRGB_decode GL_KHR_blend_equation_advanced GL_EXT_shader_integer_mix GL_ARB_stencil_texturing 
11:38:20: Supported WGL extensions: WGL_EXT_depth_float WGL_ARB_buffer_region WGL_ARB_extensions_string WGL_ARB_make_current_read WGL_ARB_pixel_format WGL_ARB_pbuffer WGL_EXT_extensions_string WGL_EXT_swap_control WGL_EXT_swap_control_tear WGL_ARB_multisample WGL_ARB_pixel_format_float WGL_ARB_framebuffer_sRGB WGL_ARB_create_context WGL_ARB_create_context_profile WGL_EXT_pixel_format_packed_float WGL_EXT_create_context_es_profile WGL_EXT_create_context_es2_profile WGL_NV_DX_interop WGL_ARB_create_context_robustness 
11:38:20: ***************************
11:38:20: *** GL Renderer Started ***
11:38:20: ***************************
11:38:20: Registering ResourceManager for type GpuProgram
11:38:20: GLSL support detected
11:38:20: GL: Using GL_EXT_framebuffer_object for rendering to textures (best)
11:38:20: FBO PF_UNKNOWN depth/stencil support: D0S1 D0S4 D0S8 D0S16 D16S0 D16S1 D16S4 D16S8 D16S16 D24S0 D24S1 D24S4 D24S8 D24S16 D32S0 D32S1 D32S4 D32S8 D32S16 Packed-D24S8 
11:38:20: FBO PF_A8 depth/stencil support: D0S0 D0S1 D0S4 D0S8 D0S16 D16S0 D16S1 D16S4 D16S8 D16S16 D24S0 D24S1 D24S4 D24S8 D24S16 D32S0 D32S1 D32S4 D32S8 D32S16 Packed-D24S8 
11:38:20: FBO PF_R5G6B5 depth/stencil support: D0S0 D0S1 D0S4 D0S8 D0S16 D16S0 D16S1 D16S4 D16S8 D16S16 D24S0 D24S1 D24S4 D24S8 D24S16 D32S0 D32S1 D32S4 D32S8 D32S16 Packed-D24S8 
11:38:20: FBO PF_B5G6R5 depth/stencil support: D0S0 D0S1 D0S4 D0S8 D0S16 D16S0 D16S1 D16S4 D16S8 D16S16 D24S0 D24S1 D24S4 D24S8 D24S16 D32S0 D32S1 D32S4 D32S8 D32S16 Packed-D24S8 
11:38:20: FBO PF_A4R4G4B4 depth/stencil support: D0S0 D0S1 D0S4 D0S8 D0S16 D16S0 D16S1 D16S4 D16S8 D16S16 D24S0 D24S1 D24S4 D24S8 D24S16 D32S0 D32S1 D32S4 D32S8 D32S16 Packed-D24S8 
11:38:20: FBO PF_A1R5G5B5 depth/stencil support: D0S0 D0S1 D0S4 D0S8 D0S16 D16S0 D16S1 D16S4 D16S8 D16S16 D24S0 D24S1 D24S4 D24S8 D24S16 D32S0 D32S1 D32S4 D32S8 D32S16 Packed-D24S8 
11:38:20: FBO PF_R8G8B8 depth/stencil support: D0S0 D0S1 D0S4 D0S8 D0S16 D16S0 D16S1 D16S4 D16S8 D16S16 D24S0 D24S1 D24S4 D24S8 D24S16 D32S0 D32S1 D32S4 D32S8 D32S16 Packed-D24S8 
11:38:20: FBO PF_B8G8R8 depth/stencil support: D0S0 D0S1 D0S4 D0S8 D0S16 D16S0 D16S1 D16S4 D16S8 D16S16 D24S0 D24S1 D24S4 D24S8 D24S16 D32S0 D32S1 D32S4 D32S8 D32S16 Packed-D24S8 
11:38:20: FBO PF_A8R8G8B8 depth/stencil support: D0S0 D0S1 D0S4 D0S8 D0S16 D16S0 D16S1 D16S4 D16S8 D16S16 D24S0 D24S1 D24S4 D24S8 D24S16 D32S0 D32S1 D32S4 D32S8 D32S16 Packed-D24S8 
11:38:20: FBO PF_B8G8R8A8 depth/stencil support: D0S0 D0S1 D0S4 D0S8 D0S16 D16S0 D16S1 D16S4 D16S8 D16S16 D24S0 D24S1 D24S4 D24S8 D24S16 D32S0 D32S1 D32S4 D32S8 D32S16 Packed-D24S8 
11:38:20: FBO PF_A2R10G10B10 depth/stencil support: D0S0 D0S1 D0S4 D0S8 D0S16 D16S0 D16S1 D16S4 D16S8 D16S16 D24S0 D24S1 D24S4 D24S8 D24S16 D32S0 D32S1 D32S4 D32S8 D32S16 Packed-D24S8 
11:38:20: FBO PF_A2B10G10R10 depth/stencil support: D0S0 D0S1 D0S4 D0S8 D0S16 D16S0 D16S1 D16S4 D16S8 D16S16 D24S0 D24S1 D24S4 D24S8 D24S16 D32S0 D32S1 D32S4 D32S8 D32S16 Packed-D24S8 
11:38:20: FBO PF_FLOAT16_RGB depth/stencil support: D0S0 D0S1 D0S4 D0S8 D0S16 D16S0 D16S1 D16S4 D16S8 D16S16 D24S0 D24S1 D24S4 D24S8 D24S16 D32S0 D32S1 D32S4 D32S8 D32S16 Packed-D24S8 
11:38:20: FBO PF_FLOAT16_RGBA depth/stencil support: D0S0 D0S1 D0S4 D0S8 D0S16 D16S0 D16S1 D16S4 D16S8 D16S16 D24S0 D24S1 D24S4 D24S8 D24S16 D32S0 D32S1 D32S4 D32S8 D32S16 Packed-D24S8 
11:38:20: FBO PF_FLOAT32_RGB depth/stencil support: D0S0 D0S1 D0S4 D0S8 D0S16 D16S0 D16S1 D16S4 D16S8 D16S16 D24S0 D24S1 D24S4 D24S8 D24S16 D32S0 D32S1 D32S4 D32S8 D32S16 Packed-D24S8 
11:38:20: FBO PF_FLOAT32_RGBA depth/stencil support: D0S0 D0S1 D0S4 D0S8 D0S16 D16S0 D16S1 D16S4 D16S8 D16S16 D24S0 D24S1 D24S4 D24S8 D24S16 D32S0 D32S1 D32S4 D32S8 D32S16 Packed-D24S8 
11:38:20: FBO PF_X8R8G8B8 depth/stencil support: D0S0 D0S1 D0S4 D0S8 D0S16 D16S0 D16S1 D16S4 D16S8 D16S16 D24S0 D24S1 D24S4 D24S8 D24S16 D32S0 D32S1 D32S4 D32S8 D32S16 Packed-D24S8 
11:38:20: FBO PF_X8B8G8R8 depth/stencil support: D0S0 D0S1 D0S4 D0S8 D0S16 D16S0 D16S1 D16S4 D16S8 D16S16 D24S0 D24S1 D24S4 D24S8 D24S16 D32S0 D32S1 D32S4 D32S8 D32S16 Packed-D24S8 
11:38:20: FBO PF_SHORT_RGBA depth/stencil support: D0S0 D0S1 D0S4 D0S8 D0S16 D16S0 D16S1 D16S4 D16S8 D16S16 D24S0 D24S1 D24S4 D24S8 D24S16 D32S0 D32S1 D32S4 D32S8 D32S16 Packed-D24S8 
11:38:20: FBO PF_R3G3B2 depth/stencil support: D0S0 D0S1 D0S4 D0S8 D0S16 D16S0 D16S1 D16S4 D16S8 D16S16 D24S0 D24S1 D24S4 D24S8 D24S16 D32S0 D32S1 D32S4 D32S8 D32S16 Packed-D24S8 
11:38:20: FBO PF_SHORT_RGB depth/stencil support: D0S0 D0S1 D0S4 D0S8 D0S16 D16S0 D16S1 D16S4 D16S8 D16S16 D24S0 D24S1 D24S4 D24S8 D24S16 D32S0 D32S1 D32S4 D32S8 D32S16 Packed-D24S8 
11:38:20: [GL] : Valid FBO targets PF_UNKNOWN PF_A8 PF_R5G6B5 PF_B5G6R5 PF_A4R4G4B4 PF_A1R5G5B5 PF_R8G8B8 PF_B8G8R8 PF_A8R8G8B8 PF_B8G8R8A8 PF_A2R10G10B10 PF_A2B10G10R10 PF_FLOAT16_RGB PF_FLOAT16_RGBA PF_FLOAT32_RGB PF_FLOAT32_RGBA PF_X8R8G8B8 PF_X8B8G8R8 PF_SHORT_RGBA PF_R3G3B2 PF_SHORT_RGB 
11:38:20: RenderSystem capabilities
11:38:20: -------------------------
11:38:20: RenderSystem Name: OpenGL Rendering Subsystem
11:38:20: GPU Vendor: intel
11:38:20: Device Name: Intel(R) HD Graphics 4000
11:38:20: Driver Version: 4.0.0.0
11:38:20:  * Fixed function pipeline: yes
11:38:20:  * Hardware generation of mipmaps: no
11:38:20:  * Texture blending: yes
11:38:20:  * Anisotropic texture filtering: yes
11:38:20:  * Dot product texture operation: yes
11:38:20:  * Cube mapping: yes
11:38:20:  * Hardware stencil buffer: yes
11:38:20:    - Stencil depth: 8
11:38:20:    - Two sided stencil support: yes
11:38:20:    - Wrap stencil values: yes
11:38:20:  * Hardware vertex / index buffers: yes
11:38:20:  * Vertex programs: yes
11:38:20:  * Number of floating-point constants for vertex programs: 256
11:38:20:  * Number of integer constants for vertex programs: 0
11:38:20:  * Number of boolean constants for vertex programs: 0
11:38:20:  * Fragment programs: yes
11:38:20:  * Number of floating-point constants for fragment programs: 256
11:38:20:  * Number of integer constants for fragment programs: 0
11:38:20:  * Number of boolean constants for fragment programs: 0
11:38:20:  * Geometry programs: yes
11:38:20:  * Number of floating-point constants for geometry programs: 4096
11:38:20:  * Number of integer constants for geometry programs: 0
11:38:20:  * Number of boolean constants for geometry programs: 0
11:38:20:  * Tesselation Hull programs: no
11:38:20:  * Number of floating-point constants for tesselation hull programs: 184
11:38:20:  * Number of integer constants for tesselation hull programs: 0
11:38:20:  * Number of boolean constants for tesselation hull programs: 61164
11:38:20:  * Tesselation Domain programs: no
11:38:20:  * Number of floating-point constants for tesselation domain programs: 24
11:38:20:  * Number of integer constants for tesselation domain programs: 329
11:38:20:  * Number of boolean constants for tesselation domain programs: 29191
11:38:20:  * Compute programs: no
11:38:20:  * Number of floating-point constants for compute programs: 23
11:38:20:  * Number of integer constants for compute programs: 0
11:38:20:  * Number of boolean constants for compute programs: 61176
11:38:20:  * Supported Shader Profiles: arbfp1 arbvp1 glsl gp4gp gpu_gp nvgp4
11:38:20:  * Texture Compression: yes
11:38:20:    - DXT: yes
11:38:20:    - VTC: no
11:38:20:    - PVRTC: no
11:38:20:    - ATC: no
11:38:20:    - ETC1: no
11:38:20:    - ETC2: no
11:38:20:    - BC4/BC5: no
11:38:20:    - BC6H/BC7: no
11:38:20:  * Scissor Rectangle: yes
11:38:20:  * Hardware Occlusion Query: yes
11:38:20:  * User clip planes: yes
11:38:20:  * VET_UBYTE4 vertex element type: yes
11:38:20:  * Infinite far plane projection: yes
11:38:20:  * Hardware render-to-texture: yes
11:38:20:  * Floating point textures: yes
11:38:20:  * Non-power-of-two textures: yes
11:38:20:  * 1d textures: yes
11:38:20:  * Volume textures: yes
11:38:20:  * Multiple Render Targets: 8
11:38:20:    - With different bit depths: yes
11:38:20:  * Point Sprites: yes
11:38:20:  * Extended point parameters: yes
11:38:20:  * Max Point Size: 255
11:38:20:  * Vertex texture fetch: yes
11:38:20:  * Number of world matrices: 0
11:38:20:  * Number of texture units: 16
11:38:20:  * Stencil buffer depth: 8
11:38:20:  * Number of vertex blend matrices: 0
11:38:20:    - Max vertex textures: 16
11:38:20:    - Vertex textures shared: yes
11:38:20:  * Render to Vertex Buffer : no
11:38:20:  * Hardware Atomic Counters: no
11:38:20:  * GL 1.5 without VBO workaround: no
11:38:20:  * Frame Buffer objects: yes
11:38:20:  * Frame Buffer objects (ARB extension): no
11:38:20:  * Frame Buffer objects (ATI extension): no
11:38:20:  * PBuffer support: yes
11:38:20:  * GL 1.5 without HW-occlusion workaround: no
11:38:20:  * Vertex Array Objects: no
11:38:20:  * Separate shader objects: no
11:38:20: DefaultWorkQueue('Root') initialising on thread 136c.
11:38:20: DefaultWorkQueue('Root')::WorkerFunc - thread 1608 starting.
11:38:20: DefaultWorkQueue('Root')::WorkerFunc - thread 2124 starting.
11:38:20: Particle Renderer Type 'billboard' registered
11:38:20: DefaultWorkQueue('Root')::WorkerFunc - thread 148c starting.
11:38:20: DefaultWorkQueue('Root')::WorkerFunc - thread 15a8 starting.
11:38:20: SceneManagerFactory for type 'BspSceneManager' registered.
11:38:20: Registering ResourceManager for type BspLevel
11:38:20: SceneManagerFactory for type 'PCZSceneManager' registered.
11:38:20: MovableObjectFactory for type 'PCZLight' registered.
11:38:20: MovableObjectFactory for type 'Portal' registered.
11:38:20: MovableObjectFactory for type 'AntiPortal' registered.
11:38:20: PCZone Factory Type 'ZoneType_Octree' registered
11:38:20: SceneManagerFactory for type 'OctreeSceneManager' registered.
11:38:20: OverlayElementFactory for type Panel registered.
11:38:20: OverlayElementFactory for type BorderPanel registered.
11:38:20: OverlayElementFactory for type TextArea registered.
11:38:20: Registering ResourceManager for type Font
11:38:20: Parsing scripts for resource group Autodetect
11:38:20: Finished parsing scripts for resource group Autodetect
11:38:20: Creating resources for group Autodetect
11:38:20: All done
11:38:20: Parsing scripts for resource group Essential
11:38:20: Parsing script SdkTrays.material
11:38:20: Parsing script OgreProfiler.material
11:38:20: Parsing script SdkTrays.fontdef
11:38:20: Parsing script SdkTrays.overlay
11:38:20: Texture: sdk_cursor.png: Loading 1 faces(PF_A8R8G8B8,32x32x1) with 5 generated mipmaps from Image. Internal format is PF_A8R8G8B8,32x32x1.
11:38:20: Texture: sdk_tray.png: Loading 1 faces(PF_A8R8G8B8,64x64x1) with 5 generated mipmaps from Image. Internal format is PF_A8R8G8B8,64x64x1.
11:38:20: Texture: sdk_button_up.png: Loading 1 faces(PF_A8R8G8B8,128x32x1) with 5 generated mipmaps from Image. Internal format is PF_A8R8G8B8,128x32x1.
11:38:20: Texture: sdk_text_box.png: Loading 1 faces(PF_A8R8G8B8,32x32x1) with 5 generated mipmaps from Image. Internal format is PF_A8R8G8B8,32x32x1.
11:38:20: Texture: sdk_mini_tray.png: Loading 1 faces(PF_A8R8G8B8,32x32x1) with 5 generated mipmaps from Image. Internal format is PF_A8R8G8B8,32x32x1.
11:38:20: Texture: sdk_track.png: Loading 1 faces(PF_A8R8G8B8,16x32x1) with 5 generated mipmaps from Image. Internal format is PF_A8R8G8B8,16x32x1.
11:38:20: Texture: sdk_handle.png: Loading 1 faces(PF_A8R8G8B8,16x16x1) with 4 generated mipmaps from Image. Internal format is PF_A8R8G8B8,16x16x1.
11:38:20: Texture: sdk_mini_text_box.png: Loading 1 faces(PF_A8R8G8B8,32x32x1) with 5 generated mipmaps from Image. Internal format is PF_A8R8G8B8,32x32x1.
11:38:20: Texture: sdk_label.png: Loading 1 faces(PF_A8R8G8B8,32x32x1) with 5 generated mipmaps from Image. Internal format is PF_A8R8G8B8,32x32x1.
11:38:20: Texture: sdk_separator.png: Loading 1 faces(PF_A8R8G8B8,64x16x1) with 5 generated mipmaps from Image. Internal format is PF_A8R8G8B8,64x16x1.
11:38:20: Texture: sdk_logo.png: Loading 1 faces(PF_A8R8G8B8,128x64x1) with 5 generated mipmaps from Image. Internal format is PF_A8R8G8B8,128x64x1.
11:38:20: Texture: sdk_shade.png: Loading 1 faces(PF_A8R8G8B8,64x48x1) with 5 generated mipmaps from Image. Internal format is PF_A8R8G8B8,64x48x1.
11:38:20: Texture: sdk_frame.png: Loading 1 faces(PF_A8R8G8B8,32x32x1) with 5 generated mipmaps from Image. Internal format is PF_A8R8G8B8,32x32x1.
11:38:20: Texture: sdk_mini_text_box_over.png: Loading 1 faces(PF_A8R8G8B8,32x32x1) with 5 generated mipmaps from Image. Internal format is PF_A8R8G8B8,32x32x1.
11:38:20: Texture: sdk_pulse.png: Loading 1 faces(PF_R8G8B8,8x1x1) with 3 generated mipmaps from Image. Internal format is PF_X8R8G8B8,8x1x1.
11:38:20: Finished parsing scripts for resource group Essential
11:38:20: Creating resources for group Essential
11:38:20: All done
11:38:20: Parsing scripts for resource group General
11:38:20: Finished parsing scripts for resource group General
11:38:20: Creating resources for group General
11:38:20: All done
11:38:20: Parsing scripts for resource group Internal
11:38:20: Finished parsing scripts for resource group Internal
11:38:20: Creating resources for group Internal
11:38:20: All done
11:38:20: Parsing scripts for resource group Popular
11:38:20: Parsing script DualQuaternion.program
11:38:20: OGRE EXCEPTION(7:InternalErrorException): Unable to compile Cg program Ogre/DualQuaternionHardwareSkinningTwoWeightsTwoPhaseCg: The compile returned an error.
DualQuaternion_Common.cg(167) : warning C7019: "blendWgt" is too large for semantic "BLENDWEIGHT", which is size 1
(0) : error C6007: Constant register limit exceeded; more than 96 constant registers needed to compiled program
(0) : error C6007: Constant register limit exceeded; more than 96 constant registers needed to compiled program
(0) : error C6007: Constant register limit exceeded; more than 96 constant registers needed to compiled program
 in CgProgram::compileMicrocode at ..\..\..\..\..\PlugIns\CgProgramManager\src\OgreCgProgramManagerDll.cpp (line 67)
11:38:20: High-level program Ogre/DualQuaternionHardwareSkinningTwoWeightsTwoPhaseCg encountered an error during loading and is thus not supported.
OGRE EXCEPTION(7:InternalErrorException): Unable to compile Cg program Ogre/DualQuaternionHardwareSkinningTwoWeightsTwoPhaseCg: The compile returned an error.
DualQuaternion_Common.cg(167) : warning C7019: "blendWgt" is too large for semantic "BLENDWEIGHT", which is size 1
(0) : error C6007: Constant register limit exceeded; more than 96 constant registers needed to compiled program
(0) : error C6007: Constant register limit exceeded; more than 96 constant registers needed to compiled program
(0) : error C6007: Constant register limit exceeded; more than 96 constant registers needed to compiled program
 in CgProgram::compileMicrocode at ..\..\..\..\..\PlugIns\CgProgramManager\src\OgreCgProgramManagerDll.cpp (line 67)
11:38:20: OGRE EXCEPTION(2:InvalidParametersException): Named constants have not been initialised, perhaps a compile error. in GpuProgramParameters::_findNamedConstantDefinition at ..\..\..\..\OgreMain\src\OgreGpuProgramParams.cpp (line 1709)
11:38:20: Compiler error: invalid parameters in DualQuaternion.program(28): setting of constant failed
11:38:20: Parsing script Examples.program
11:38:20: Parsing script Instancing.program
11:38:20: Problem parsing the following GLSL Uniform: ' lowp sampler2DShadow shadowMap' in file Ogre/Instancing_glsl_ps
11:38:20: OGRE EXCEPTION(2:InvalidParametersException): Parameter called shadowMap does not exist.  in GpuProgramParameters::_findNamedConstantDefinition at ..\..\..\..\OgreMain\src\OgreGpuProgramParams.cpp (line 1719)
11:38:20: Compiler error: invalid parameters in Instancing.program(24): setting of constant failed
11:38:20: Parsing script StdQuad_vp.program
11:38:20: Parsing script deferred_post.program
11:38:20: Parsing script ShadowCaster.program
11:38:20: Parsing script AdaptivePNTrianglesTessellation.material
11:38:20: Parsing script ASCII.material
11:38:20: Parsing script ASMSwizzle.material
11:38:20: Parsing script BlackAndWhite.material
11:38:20: Parsing script Bloom.material
11:38:20: Parsing script Bloom2.material
11:38:20: Parsing script CGSwizzle.material
11:38:20: Parsing script CompositorDemo.material
11:38:20: Parsing script DepthShadowmap.material
11:38:20: Parsing script Dither.material
11:38:20: Parsing script DOF.material
11:38:20: Parsing script DualQuaternion.material
11:38:20: Parsing script Embossed.material
11:38:20: Parsing script Example-Water.material
11:38:20: Parsing script Examples-Advanced.material
11:38:21: Compiler error: object unsupported by render system in Examples-Advanced.material(640): , Shader name: Examples/FresnelRefractReflectPS
11:38:21: Compiler error: object unsupported by render system in Examples-Advanced.material(938): , Shader name: Examples/TextureArrayPSasm
11:38:21: Parsing script Examples-DynTex.material
11:38:21: Parsing script Examples-Water.material
11:38:21: Parsing script Examples.material
11:38:21: Parsing script facial.material
11:38:21: Parsing script Glass.material
11:38:21: Parsing script GLSLSwizzle.material
11:38:21: Parsing script Halftone.material
11:38:21: Parsing script hdr.material
11:38:21: Parsing script HeatVision.material
11:38:21: Parsing script Hurt.material
11:38:21: Parsing script HWInstancing.material
11:38:21: Parsing script HW_VTFInstancing.material
11:38:21: Parsing script HW_VTF_LUTInstancing.material
11:38:21: Parsing script instancing.material
11:38:21: Parsing script InstancingMisc.material
11:38:21: Parsing script Invert.material
11:38:21: Parsing script IsoSurf.material
11:38:21: Problem parsing the following Cg Uniform: '@TMP29' in file Ogre/IsoSurf/TessellateTetrahedraGS_CG
11:38:21: Parsing script Laplace.material
11:38:21: Parsing script MotionBlur.material
11:38:21: Parsing script MRTtest.material
11:38:21: Parsing script NightVision.material
11:38:21: Parsing script Ocean.material
11:38:21: Parsing script OffsetMapping.material
11:38:21: Compiler error: object unsupported by render system in OffsetMapping.material(35): , Shader name: Examples/OffsetMappingPSAsm
11:38:21: Parsing script Ogre.material
11:38:21: Parsing script OldMovie.material
11:38:21: Parsing script OldTV.material
11:38:21: Parsing script ParticleGS.material
11:38:22: Parsing script Penguin.material
11:38:22: Parsing script Posterize.material
11:38:22: Parsing script pssm.material
11:38:22: Parsing script RadialBlur.material
11:38:22: Parsing script RasterizationOrder.material
11:38:22: Parsing script RobotLaveLinge3.material
11:38:22: Parsing script RZR-002.material
11:38:22: Parsing script ShaderInstancing.material
11:38:22: Parsing script ShaderSystem.material
11:38:22: Parsing script shadows.material
11:38:22: Parsing script SharpenEdges.material
11:38:22: Parsing script sibenik.material
11:38:22: Parsing script smoke.material
11:38:22: Parsing script Tesselation.material
11:38:22: Parsing script Tiling.material
11:38:22: Parsing script VarianceShadowmap.material
11:38:22: Parsing script VTFInstancing.material
11:38:22: Parsing script deferreddemo.material
11:38:22: Parsing script deferred_post.material
11:38:22: Parsing script deferred_post_minilight.material
11:38:22: Parsing script ShadowCaster.material
11:38:22: Parsing script ssao.material
11:38:22: Parsing script emitted_emitter.particle
11:38:22: Parsing script Examples-Water.particle
11:38:22: Parsing script Examples.particle
11:38:22: Parsing script smoke.particle
11:38:22: Parsing script Examples.compositor
11:38:22: Parsing script deferred.compositor
11:38:22: Parsing script ssao.compositor
11:38:22: Finished parsing scripts for resource group Popular
11:38:22: Creating resources for group Popular
11:38:22: All done
11:38:22: Mesh: Loading sphere.mesh.
11:38:22: Texture: stevecube_fr.jpg: Loading 1 faces(PF_R8G8B8,512x512x1) with 5 generated mipmaps from Image. Internal format is PF_X8R8G8B8,512x512x1.
11:38:22: Texture: stevecube_bk.jpg: Loading 1 faces(PF_R8G8B8,512x512x1) with 5 generated mipmaps from Image. Internal format is PF_X8R8G8B8,512x512x1.
11:38:22: Texture: stevecube_lf.jpg: Loading 1 faces(PF_R8G8B8,512x512x1) with 5 generated mipmaps from Image. Internal format is PF_X8R8G8B8,512x512x1.
11:38:22: Texture: stevecube_rt.jpg: Loading 1 faces(PF_R8G8B8,512x512x1) with 5 generated mipmaps from Image. Internal format is PF_X8R8G8B8,512x512x1.
11:38:22: Texture: stevecube_up.jpg: Loading 1 faces(PF_R8G8B8,512x512x1) with 5 generated mipmaps from Image. Internal format is PF_X8R8G8B8,512x512x1.
11:38:22: Texture: stevecube_dn.jpg: Loading 1 faces(PF_R8G8B8,512x512x1) with 5 generated mipmaps from Image. Internal format is PF_X8R8G8B8,512x512x1.
11:38:22: Mesh: Loading RobotLaveLinge.mesh.
11:38:22: Skeleton: Loading RobotLaveLinge.skeleton
11:38:22: WARNING: RobotLaveLinge.mesh is an older format ([MeshSerializer_v1.41]); you should upgrade it as soon as possible using the OgreMeshUpgrade tool.
11:38:22: WARNING: the mesh 'RobotLaveLinge.mesh' includes vertices without bone assignments. Those vertices will transform to wrong position when skeletal animation enabled. To eliminate this, assign at least one bone assignment per vertex on your mesh.
11:38:22: Texture: rockwall.tga: Loading 1 faces(PF_R8G8B8,256x256x1) with 5 generated mipmaps from Image. Internal format is PF_X8R8G8B8,256x256x1.
11:38:22: Mesh: Loading cube.mesh.
11:38:22: *** Initializing OIS ***
11:38:22: Texture: spot_shadow_fade.png: Loading 1 faces(PF_R8G8B8,128x128x1) with 5 generated mipmaps from Image. Internal format is PF_X8R8G8B8,128x128x1.
11:38:22: Font SdkTrays/Caption using texture size 512x256
11:38:22: Info: Freetype returned null for character 160 in font SdkTrays/Caption
11:38:22: Texture: SdkTrays/CaptionTexture: Loading 1 faces(PF_BYTE_LA,512x256x1) with 0 generated mipmaps from Image. Internal format is PF_BYTE_LA,512x256x1.
11:38:22: Font SdkTrays/Value using texture size 512x256
11:38:22: Info: Freetype returned null for character 127 in font SdkTrays/Value
11:38:22: Info: Freetype returned null for character 128 in font SdkTrays/Value
11:38:22: Info: Freetype returned null for character 129 in font SdkTrays/Value
11:38:22: Info: Freetype returned null for character 130 in font SdkTrays/Value
11:38:22: Info: Freetype returned null for character 131 in font SdkTrays/Value
11:38:22: Info: Freetype returned null for character 132 in font SdkTrays/Value
11:38:22: Info: Freetype returned null for character 133 in font SdkTrays/Value
11:38:22: Info: Freetype returned null for character 134 in font SdkTrays/Value
11:38:22: Info: Freetype returned null for character 135 in font SdkTrays/Value
11:38:22: Info: Freetype returned null for character 136 in font SdkTrays/Value
11:38:22: Info: Freetype returned null for character 137 in font SdkTrays/Value
11:38:22: Info: Freetype returned null for character 138 in font SdkTrays/Value
11:38:22: Info: Freetype returned null for character 139 in font SdkTrays/Value
11:38:22: Info: Freetype returned null for character 140 in font SdkTrays/Value
11:38:22: Info: Freetype returned null for character 141 in font SdkTrays/Value
11:38:22: Info: Freetype returned null for character 142 in font SdkTrays/Value
11:38:22: Info: Freetype returned null for character 143 in font SdkTrays/Value
11:38:22: Info: Freetype returned null for character 144 in font SdkTrays/Value
11:38:22: Info: Freetype returned null for character 145 in font SdkTrays/Value
11:38:22: Info: Freetype returned null for character 146 in font SdkTrays/Value
11:38:22: Info: Freetype returned null for character 147 in font SdkTrays/Value
11:38:22: Info: Freetype returned null for character 148 in font SdkTrays/Value
11:38:22: Info: Freetype returned null for character 149 in font SdkTrays/Value
11:38:22: Info: Freetype returned null for character 150 in font SdkTrays/Value
11:38:22: Info: Freetype returned null for character 151 in font SdkTrays/Value
11:38:22: Info: Freetype returned null for character 152 in font SdkTrays/Value
11:38:22: Info: Freetype returned null for character 153 in font SdkTrays/Value
11:38:22: Info: Freetype returned null for character 154 in font SdkTrays/Value
11:38:22: Info: Freetype returned null for character 155 in font SdkTrays/Value
11:38:22: Info: Freetype returned null for character 156 in font SdkTrays/Value
11:38:22: Info: Freetype returned null for character 157 in font SdkTrays/Value
11:38:22: Info: Freetype returned null for character 158 in font SdkTrays/Value
11:38:22: Info: Freetype returned null for character 159 in font SdkTrays/Value
11:38:22: Info: Freetype returned null for character 160 in font SdkTrays/Value
11:38:22: Texture: SdkTrays/ValueTexture: Loading 1 faces(PF_BYTE_LA,512x256x1) with 0 generated mipmaps from Image. Internal format is PF_BYTE_LA,512x256x1.
11:38:58: Unregistering ResourceManager for type Font
11:38:58: DefaultWorkQueue('Root') shutting down on thread 136c.
11:38:58: DefaultWorkQueue('Root')::WorkerFunc - thread 1608 stopped.
11:38:58: DefaultWorkQueue('Root')::WorkerFunc - thread 2124 stopped.
11:38:58: DefaultWorkQueue('Root')::WorkerFunc - thread 15a8 stopped.
11:38:58: DefaultWorkQueue('Root')::WorkerFunc - thread 148c stopped.
11:38:58: PCZone Factory Type 'ZoneType_Octree' unregistered
11:38:58: Unregistering ResourceManager for type BspLevel
11:38:58: *-*-* OGRE Shutdown
11:38:58: Unregistering ResourceManager for type Compositor
11:38:58: Unregistering ResourceManager for type Skeleton
11:38:58: Unregistering ResourceManager for type Mesh
11:38:58: Unregistering ResourceManager for type HighLevelGpuProgram
11:38:58: Uninstalling plugin: Octree Scene Manager
11:38:58: Plugin successfully uninstalled
11:38:58: Unloading library .\Plugin_OctreeSceneManager
11:38:58: Uninstalling plugin: Octree Zone Factory
11:38:58: Plugin successfully uninstalled
11:38:58: Unloading library .\Plugin_OctreeZone
11:38:58: Uninstalling plugin: Portal Connected Zone Scene Manager
11:38:58: Plugin successfully uninstalled
11:38:58: Unloading library .\Plugin_PCZSceneManager
11:38:58: Uninstalling plugin: Cg Program Manager
11:38:58: Plugin successfully uninstalled
11:38:58: Unloading library .\Plugin_CgProgramManager
11:38:58: Uninstalling plugin: BSP Scene Manager
11:38:58: Plugin successfully uninstalled
11:38:58: Unloading library .\Plugin_BSPSceneManager
11:38:58: Uninstalling plugin: ParticleFX
11:38:58: Plugin successfully uninstalled
11:38:58: Unloading library .\Plugin_ParticleFX
11:38:58: Uninstalling plugin: GL RenderSystem
11:38:58: Unregistering ResourceManager for type GpuProgram
11:38:58: *** Stopping Win32GL Subsystem ***
11:38:58: Unregistering ResourceManager for type Texture
11:38:58: Plugin successfully uninstalled
11:38:58: Unloading library .\RenderSystem_GL
11:38:58: Uninstalling plugin: D3D11 RenderSystem
11:38:58: D3D11 : Shutting down cleanly.
11:38:58: D3D11 : Direct3D11 Rendering Subsystem destroyed.
11:38:58: Plugin successfully uninstalled
11:38:58: Unloading library .\RenderSystem_Direct3D11
11:38:58: Uninstalling plugin: D3D9 RenderSystem
11:38:58: D3D9 : Shutting down cleanly.
11:38:58: D3D9 : Direct3D9 Rendering Subsystem destroyed.
11:38:58: Plugin successfully uninstalled
11:38:58: Unloading library .\RenderSystem_Direct3D9
11:38:58: Unregistering ResourceManager for type Material
