16:15:26: Creating resource group General
16:15:26: Creating resource group Internal
16:15:26: Creating resource group Autodetect
16:15:26: SceneManagerFactory for type 'DefaultSceneManager' registered.
16:15:26: Registering ResourceManager for type Material
16:15:26: Registering ResourceManager for type Mesh
16:15:26: Registering ResourceManager for type Skeleton
16:15:26: MovableObjectFactory for type 'ParticleSystem' registered.
16:15:26: ArchiveFactory for archive type FileSystem registered.
16:15:26: ArchiveFactory for archive type Zip registered.
16:15:26: ArchiveFactory for archive type EmbeddedZip registered.
16:15:26: DDS codec registering
16:15:26: FreeImage version: 3.15.3
16:15:26: This program uses FreeImage, a free, open source image library supporting all common bitmap formats. See http://freeimage.sourceforge.net for details
16:15:26: Supported formats: bmp,ico,jpg,jif,jpeg,jpe,jng,koa,iff,lbm,mng,pbm,pbm,pcd,pcx,pgm,pgm,png,ppm,ppm,ras,tga,targa,tif,tiff,wap,wbmp,wbm,psd,cut,xbm,xpm,gif,hdr,g3,sgi,exr,j2k,j2c,jp2,pfm,pct,pict,pic,3fr,arw,bay,bmq,cap,cine,cr2,crw,cs1,dc2,dcr,drf,dsc,dng,erf,fff,ia,iiq,k25,kc2,kdc,mdc,mef,mos,mrw,nef,nrw,orf,pef,ptx,pxn,qtk,raf,raw,rdc,rw2,rwl,rwz,sr2,srf,srw,sti
16:15:26: Registering ResourceManager for type HighLevelGpuProgram
16:15:26: Registering ResourceManager for type Compositor
16:15:26: MovableObjectFactory for type 'Entity' registered.
16:15:26: MovableObjectFactory for type 'Light' registered.
16:15:26: MovableObjectFactory for type 'BillboardSet' registered.
16:15:26: MovableObjectFactory for type 'ManualObject' registered.
16:15:26: MovableObjectFactory for type 'BillboardChain' registered.
16:15:26: MovableObjectFactory for type 'RibbonTrail' registered.
16:15:26: Loading library .\RenderSystem_Direct3D9_d
16:15:26: Installing plugin: D3D9 RenderSystem
16:15:26: D3D9 : Direct3D9 Rendering Subsystem created.
16:15:26: D3D9: Driver Detection Starts
16:15:26: D3D9: Driver Detection Ends
16:15:27: Plugin successfully installed
16:15:27: Loading library .\RenderSystem_Direct3D11_d
16:15:27: Installing plugin: D3D11 RenderSystem
16:15:27: D3D11 : Direct3D11 Rendering Subsystem created.
16:15:27: D3D11: Driver Detection Starts
16:15:27: D3D11: Driver Detection Ends
16:15:28: Plugin successfully installed
16:15:28: Loading library .\RenderSystem_GL_d
16:15:28: Installing plugin: GL RenderSystem
16:15:28: OpenGL Rendering Subsystem created.
16:15:28: Plugin successfully installed
16:15:28: Loading library .\Plugin_ParticleFX_d
16:15:28: Installing plugin: ParticleFX
16:15:28: Particle Emitter Type 'Point' registered
16:15:28: Particle Emitter Type 'Box' registered
16:15:28: Particle Emitter Type 'Ellipsoid' registered
16:15:28: Particle Emitter Type 'Cylinder' registered
16:15:28: Particle Emitter Type 'Ring' registered
16:15:28: Particle Emitter Type 'HollowEllipsoid' registered
16:15:28: Particle Affector Type 'LinearForce' registered
16:15:28: Particle Affector Type 'ColourFader' registered
16:15:28: Particle Affector Type 'ColourFader2' registered
16:15:28: Particle Affector Type 'ColourImage' registered
16:15:28: Particle Affector Type 'ColourInterpolator' registered
16:15:28: Particle Affector Type 'Scaler' registered
16:15:28: Particle Affector Type 'Rotator' registered
16:15:28: Particle Affector Type 'DirectionRandomiser' registered
16:15:28: Particle Affector Type 'DeflectorPlane' registered
16:15:28: Plugin successfully installed
16:15:28: Loading library .\Plugin_BSPSceneManager_d
16:15:28: Installing plugin: BSP Scene Manager
16:15:29: Plugin successfully installed
16:15:29: Loading library .\Plugin_CgProgramManager_d
16:15:29: Installing plugin: Cg Program Manager
16:15:29: Plugin successfully installed
16:15:29: Loading library .\Plugin_PCZSceneManager_d
16:15:29: Installing plugin: Portal Connected Zone Scene Manager
16:15:29: PCZone Factory Type 'ZoneType_Default' registered
16:15:29: Plugin successfully installed
16:15:29: Loading library .\Plugin_OctreeZone_d
16:15:29: Installing plugin: Octree Zone Factory
16:15:29: Plugin successfully installed
16:15:29: Loading library .\Plugin_OctreeSceneManager_d
16:15:29: Installing plugin: Octree Scene Manager
16:15:29: Plugin successfully installed
16:15:29: *-*-* OGRE Initialising
16:15:29: *-*-* Version 1.9.0 (Ghadamon)
16:15:29: Creating resource group Essential
16:15:29: Added resource location '../Media/thumbnails' of type 'FileSystem' to resource group 'Essential'
16:15:29: Added resource location '../Media/packs/SdkTrays.zip' of type 'Zip' to resource group 'Essential'
16:15:29: Added resource location '../Media/packs/profiler.zip' of type 'Zip' to resource group 'Essential'
16:15:29: Added resource location '../Media' of type 'FileSystem' to resource group 'General'
16:15:29: Creating resource group Popular
16:15:29: Added resource location '../Media/fonts' of type 'FileSystem' to resource group 'Popular'
16:15:29: Added resource location '../Media/materials/programs' of type 'FileSystem' to resource group 'Popular'
16:15:29: Added resource location '../Media/materials/programs/GLSL' of type 'FileSystem' to resource group 'Popular'
16:15:29: Added resource location '../Media/materials/programs/GLSL150' of type 'FileSystem' to resource group 'Popular'
16:15:29: Added resource location '../Media/materials/programs/GLSL400' of type 'FileSystem' to resource group 'Popular'
16:15:29: Added resource location '../Media/materials/programs/GLSLES' of type 'FileSystem' to resource group 'Popular'
16:15:29: Added resource location '../Media/materials/programs/HLSL' of type 'FileSystem' to resource group 'Popular'
16:15:29: Added resource location '../Media/materials/programs/Cg' of type 'FileSystem' to resource group 'Popular'
16:15:29: Added resource location '../Media/materials/scripts' of type 'FileSystem' to resource group 'Popular'
16:15:29: Added resource location '../Media/materials/textures' of type 'FileSystem' to resource group 'Popular'
16:15:29: Added resource location '../Media/models' of type 'FileSystem' to resource group 'Popular'
16:15:29: Added resource location '../Media/particle' of type 'FileSystem' to resource group 'Popular'
16:15:29: Added resource location '../Media/DeferredShadingMedia' of type 'FileSystem' to resource group 'Popular'
16:15:29: Added resource location '../Media/packs/skybox.zip' of type 'Zip' to resource group 'Popular'
16:15:29: D3D11 : RenderSystem Option: Allow NVPerfHUD = No
16:15:29: D3D11 : RenderSystem Option: Driver type = Hardware
16:15:29: D3D11 : RenderSystem Option: FSAA = 0
16:15:29: D3D11 : RenderSystem Option: Floating-point mode = Fastest
16:15:29: D3D11 : RenderSystem Option: Full Screen = Yes
16:15:29: D3D11 : RenderSystem Option: Information Queue Exceptions Bottom Level = Info (exception on any message)
16:15:29: D3D11 : RenderSystem Option: Max Requested Feature Levels = 11.0
16:15:29: D3D11 : RenderSystem Option: Min Requested Feature Levels = 9.1
16:15:29: D3D11 : RenderSystem Option: Rendering Device = Intel(R) HD Graphics 4000
16:15:29: D3D11 : RenderSystem Option: VSync = No
16:15:29: D3D11 : RenderSystem Option: VSync Interval = 1
16:15:29: D3D11 : RenderSystem Option: Video Mode = 800 x 600 @ 32-bit colour
16:15:29: D3D11 : RenderSystem Option: sRGB Gamma Conversion = No
16:15:29: D3D9 : RenderSystem Option: Allow DirectX9Ex = No
16:15:29: D3D9 : RenderSystem Option: Allow NVPerfHUD = No
16:15:29: D3D9 : RenderSystem Option: FSAA = 0
16:15:29: D3D9 : RenderSystem Option: Fixed Pipeline Enabled = Yes
16:15:29: D3D9 : RenderSystem Option: Floating-point mode = Fastest
16:15:29: D3D9 : RenderSystem Option: Full Screen = Yes
16:15:29: D3D9 : RenderSystem Option: Multi device memory hint = Use minimum system memory
16:15:29: D3D9 : RenderSystem Option: Rendering Device = Monitor-1-Intel(R) HD Graphics 4000
16:15:29: D3D9 : RenderSystem Option: Resource Creation Policy = Create on all devices
16:15:29: D3D9 : RenderSystem Option: Use Multihead = Auto
16:15:29: D3D9 : RenderSystem Option: VSync = No
16:15:29: D3D9 : RenderSystem Option: VSync Interval = 1
16:15:29: D3D9 : RenderSystem Option: Video Mode = 800 x 600 @ 32-bit colour
16:15:29: D3D9 : RenderSystem Option: sRGB Gamma Conversion = No
16:16:03: CPU Identifier & Features
16:16:03: -------------------------
16:16:03:  *   CPU ID: GenuineIntel: Intel(R) Core(TM) i5-3210M CPU @ 2.50GHz
16:16:03:  *      SSE: yes
16:16:03:  *     SSE2: yes
16:16:03:  *     SSE3: yes
16:16:03:  *      MMX: yes
16:16:03:  *   MMXEXT: yes
16:16:03:  *    3DNOW: no
16:16:03:  * 3DNOWEXT: no
16:16:03:  *     CMOV: yes
16:16:03:  *      TSC: yes
16:16:03:  *      FPU: yes
16:16:03:  *      PRO: yes
16:16:03:  *       HT: no
16:16:03: -------------------------
16:16:03: *** Starting Win32GL Subsystem ***
16:16:03: Registering ResourceManager for type Texture
16:16:03: GLRenderSystem::_createRenderWindow "ArenIA", 1920x1080 fullscreen  miscParams: FSAA=4 FSAAHint= colourDepth=32 displayFrequency=59 gamma=false vsync=true vsyncInterval=1 
16:16:04: Created Win32Window 'ArenIA' : 1920x1080, 32bpp
16:16:05: GL_VERSION = 4.0.0 - Build 10.18.10.4276
16:16:05: GL_VENDOR = Intel
16:16:05: GL_RENDERER = Intel(R) HD Graphics 4000
16:16:05: GL_EXTENSIONS = GL_EXT_blend_minmax GL_EXT_blend_subtract GL_EXT_blend_color GL_EXT_abgr GL_EXT_texture3D GL_EXT_clip_volume_hint GL_EXT_compiled_vertex_array GL_SGIS_texture_edge_clamp GL_SGIS_generate_mipmap GL_EXT_draw_range_elements GL_SGIS_texture_lod GL_EXT_rescale_normal GL_EXT_packed_pixels GL_EXT_texture_edge_clamp GL_EXT_separate_specular_color GL_ARB_multitexture GL_ARB_map_buffer_alignment GL_ARB_conservative_depth GL_EXT_texture_env_combine GL_EXT_bgra GL_EXT_blend_func_separate GL_EXT_secondary_color GL_EXT_fog_coord GL_EXT_texture_env_add GL_ARB_texture_cube_map GL_ARB_transpose_matrix GL_ARB_internalformat_query GL_ARB_internalformat_query2 GL_ARB_texture_env_add GL_IBM_texture_mirrored_repeat GL_EXT_multi_draw_arrays GL_SUN_multi_draw_arrays GL_NV_blend_square GL_ARB_texture_compression GL_3DFX_texture_compression_FXT1 GL_EXT_texture_filter_anisotropic GL_ARB_texture_border_clamp GL_ARB_point_parameters GL_ARB_texture_env_combine GL_ARB_texture_env_dot3 GL_ARB_texture_env_crossbar GL_EXT_texture_compression_s3tc GL_ARB_shadow GL_ARB_window_pos GL_EXT_shadow_funcs GL_EXT_stencil_wrap GL_ARB_vertex_program GL_EXT_texture_rectangle GL_ARB_fragment_program GL_EXT_stencil_two_side GL_ATI_separate_stencil GL_ARB_vertex_buffer_object GL_EXT_texture_lod_bias GL_ARB_occlusion_query GL_ARB_fragment_shader GL_ARB_shader_objects GL_ARB_shading_language_100 GL_ARB_texture_non_power_of_two GL_ARB_vertex_shader GL_NV_texgen_reflection GL_ARB_point_sprite GL_ARB_fragment_program_shadow GL_EXT_blend_equation_separate GL_ARB_depth_texture GL_ARB_texture_rectangle GL_ARB_draw_buffers GL_ARB_color_buffer_float GL_ARB_half_float_pixel GL_ARB_texture_float GL_ARB_pixel_buffer_object GL_EXT_framebuffer_object GL_ARB_draw_instanced GL_ARB_half_float_vertex GL_ARB_occlusion_query2 GL_EXT_draw_buffers2 GL_WIN_swap_hint GL_EXT_texture_sRGB GL_ARB_multisample GL_EXT_packed_float GL_EXT_texture_shared_exponent GL_ARB_texture_rg GL_ARB_texture_compression_rgtc GL_NV_conditional_render GL_ARB_texture_swizzle GL_EXT_texture_swizzle GL_ARB_texture_gather GL_ARB_sync GL_ARB_framebuffer_sRGB GL_EXT_packed_depth_stencil GL_ARB_depth_buffer_float GL_EXT_transform_feedback GL_ARB_transform_feedback2 GL_ARB_draw_indirect GL_EXT_framebuffer_blit GL_EXT_framebuffer_multisample GL_ARB_framebuffer_object GL_ARB_framebuffer_no_attachments GL_EXT_texture_array GL_EXT_texture_integer GL_ARB_map_buffer_range GL_ARB_texture_buffer_range GL_EXT_texture_buffer GL_EXT_texture_snorm GL_ARB_blend_func_extended GL_INTEL_performance_queries GL_INTEL_performance_query GL_ARB_copy_buffer GL_ARB_sampler_objects GL_NV_primitive_restart GL_ARB_seamless_cube_map GL_ARB_uniform_buffer_object GL_ARB_depth_clamp GL_ARB_vertex_array_bgra GL_ARB_shader_bit_encoding GL_ARB_draw_buffers_blend GL_ARB_geometry_shader4 GL_EXT_geometry_shader4 GL_ARB_texture_query_lod GL_ARB_explicit_attrib_location GL_ARB_draw_elements_base_vertex GL_ARB_instanced_arrays GL_ARB_base_instance GL_ARB_fragment_coord_conventions GL_EXT_gpu_program_parameters GL_ARB_texture_buffer_object_rgb32 GL_ARB_compatibility GL_ARB_texture_rgb10_a2ui GL_ARB_texture_multisample GL_ARB_vertex_type_2_10_10_10_rev GL_ARB_timer_query GL_ARB_tessellation_shader GL_ARB_vertex_array_object GL_ARB_provoking_vertex GL_ARB_sample_shading GL_ARB_texture_cube_map_array GL_EXT_gpu_shader4 GL_ARB_gpu_shader5 GL_ARB_gpu_shader_fp64 GL_ARB_shader_subroutine GL_ARB_transform_feedback3 GL_ARB_get_program_binary GL_ARB_separate_shader_objects GL_ARB_shader_precision GL_ARB_vertex_attrib_64bit GL_ARB_viewport_array GL_ARB_transform_feedback_instanced GL_ARB_compressed_texture_pixel_storage GL_ARB_shader_atomic_counters GL_ARB_shading_language_packing GL_ARB_shading_language_420pack GL_ARB_texture_storage GL_EXT_texture_storage GL_ARB_vertex_attrib_binding GL_ARB_multi_draw_indirect GL_ARB_program_interface_query GL_ARB_texture_storage_multisample GL_ARB_buffer_storage GL_ARB_debug_output GL_KHR_debug GL_ARB_arrays_of_arrays GL_INTEL_map_texture GL_ARB_texture_compression_bptc GL_ARB_ES2_compatibility GL_ARB_ES3_compatibility GL_ARB_robustness GL_EXT_texture_sRGB_decode GL_KHR_blend_equation_advanced GL_EXT_shader_integer_mix GL_ARB_stencil_texturing 
16:16:05: Supported WGL extensions: WGL_EXT_depth_float WGL_ARB_buffer_region WGL_ARB_extensions_string WGL_ARB_make_current_read WGL_ARB_pixel_format WGL_ARB_pbuffer WGL_EXT_extensions_string WGL_EXT_swap_control WGL_EXT_swap_control_tear WGL_ARB_multisample WGL_ARB_pixel_format_float WGL_ARB_framebuffer_sRGB WGL_ARB_create_context WGL_ARB_create_context_profile WGL_EXT_pixel_format_packed_float WGL_EXT_create_context_es_profile WGL_EXT_create_context_es2_profile WGL_NV_DX_interop WGL_ARB_create_context_robustness 
16:16:05: ***************************
16:16:05: *** GL Renderer Started ***
16:16:05: ***************************
16:16:05: Registering ResourceManager for type GpuProgram
16:16:05: GLSL support detected
16:16:05: GL: Using GL_EXT_framebuffer_object for rendering to textures (best)
16:16:05: FBO PF_UNKNOWN depth/stencil support: D0S1 D0S4 D0S8 D0S16 D16S0 D16S1 D16S4 D16S8 D16S16 D24S0 D24S1 D24S4 D24S8 D24S16 D32S0 D32S1 D32S4 D32S8 D32S16 Packed-D24S8 
16:16:05: FBO PF_A8 depth/stencil support: D0S0 D0S1 D0S4 D0S8 D0S16 D16S0 D16S1 D16S4 D16S8 D16S16 D24S0 D24S1 D24S4 D24S8 D24S16 D32S0 D32S1 D32S4 D32S8 D32S16 Packed-D24S8 
16:16:05: FBO PF_R5G6B5 depth/stencil support: D0S0 D0S1 D0S4 D0S8 D0S16 D16S0 D16S1 D16S4 D16S8 D16S16 D24S0 D24S1 D24S4 D24S8 D24S16 D32S0 D32S1 D32S4 D32S8 D32S16 Packed-D24S8 
16:16:05: FBO PF_B5G6R5 depth/stencil support: D0S0 D0S1 D0S4 D0S8 D0S16 D16S0 D16S1 D16S4 D16S8 D16S16 D24S0 D24S1 D24S4 D24S8 D24S16 D32S0 D32S1 D32S4 D32S8 D32S16 Packed-D24S8 
16:16:05: FBO PF_A4R4G4B4 depth/stencil support: D0S0 D0S1 D0S4 D0S8 D0S16 D16S0 D16S1 D16S4 D16S8 D16S16 D24S0 D24S1 D24S4 D24S8 D24S16 D32S0 D32S1 D32S4 D32S8 D32S16 Packed-D24S8 
16:16:05: FBO PF_A1R5G5B5 depth/stencil support: D0S0 D0S1 D0S4 D0S8 D0S16 D16S0 D16S1 D16S4 D16S8 D16S16 D24S0 D24S1 D24S4 D24S8 D24S16 D32S0 D32S1 D32S4 D32S8 D32S16 Packed-D24S8 
16:16:05: FBO PF_R8G8B8 depth/stencil support: D0S0 D0S1 D0S4 D0S8 D0S16 D16S0 D16S1 D16S4 D16S8 D16S16 D24S0 D24S1 D24S4 D24S8 D24S16 D32S0 D32S1 D32S4 D32S8 D32S16 Packed-D24S8 
16:16:05: FBO PF_B8G8R8 depth/stencil support: D0S0 D0S1 D0S4 D0S8 D0S16 D16S0 D16S1 D16S4 D16S8 D16S16 D24S0 D24S1 D24S4 D24S8 D24S16 D32S0 D32S1 D32S4 D32S8 D32S16 Packed-D24S8 
16:16:05: FBO PF_A8R8G8B8 depth/stencil support: D0S0 D0S1 D0S4 D0S8 D0S16 D16S0 D16S1 D16S4 D16S8 D16S16 D24S0 D24S1 D24S4 D24S8 D24S16 D32S0 D32S1 D32S4 D32S8 D32S16 Packed-D24S8 
16:16:05: FBO PF_B8G8R8A8 depth/stencil support: D0S0 D0S1 D0S4 D0S8 D0S16 D16S0 D16S1 D16S4 D16S8 D16S16 D24S0 D24S1 D24S4 D24S8 D24S16 D32S0 D32S1 D32S4 D32S8 D32S16 Packed-D24S8 
16:16:05: FBO PF_A2R10G10B10 depth/stencil support: D0S0 D0S1 D0S4 D0S8 D0S16 D16S0 D16S1 D16S4 D16S8 D16S16 D24S0 D24S1 D24S4 D24S8 D24S16 D32S0 D32S1 D32S4 D32S8 D32S16 Packed-D24S8 
16:16:05: FBO PF_A2B10G10R10 depth/stencil support: D0S0 D0S1 D0S4 D0S8 D0S16 D16S0 D16S1 D16S4 D16S8 D16S16 D24S0 D24S1 D24S4 D24S8 D24S16 D32S0 D32S1 D32S4 D32S8 D32S16 Packed-D24S8 
16:16:05: FBO PF_FLOAT16_RGB depth/stencil support: D0S0 D0S1 D0S4 D0S8 D0S16 D16S0 D16S1 D16S4 D16S8 D16S16 D24S0 D24S1 D24S4 D24S8 D24S16 D32S0 D32S1 D32S4 D32S8 D32S16 Packed-D24S8 
16:16:05: FBO PF_FLOAT16_RGBA depth/stencil support: D0S0 D0S1 D0S4 D0S8 D0S16 D16S0 D16S1 D16S4 D16S8 D16S16 D24S0 D24S1 D24S4 D24S8 D24S16 D32S0 D32S1 D32S4 D32S8 D32S16 Packed-D24S8 
16:16:05: FBO PF_FLOAT32_RGB depth/stencil support: D0S0 D0S1 D0S4 D0S8 D0S16 D16S0 D16S1 D16S4 D16S8 D16S16 D24S0 D24S1 D24S4 D24S8 D24S16 D32S0 D32S1 D32S4 D32S8 D32S16 Packed-D24S8 
16:16:05: FBO PF_FLOAT32_RGBA depth/stencil support: D0S0 D0S1 D0S4 D0S8 D0S16 D16S0 D16S1 D16S4 D16S8 D16S16 D24S0 D24S1 D24S4 D24S8 D24S16 D32S0 D32S1 D32S4 D32S8 D32S16 Packed-D24S8 
16:16:05: FBO PF_X8R8G8B8 depth/stencil support: D0S0 D0S1 D0S4 D0S8 D0S16 D16S0 D16S1 D16S4 D16S8 D16S16 D24S0 D24S1 D24S4 D24S8 D24S16 D32S0 D32S1 D32S4 D32S8 D32S16 Packed-D24S8 
16:16:05: FBO PF_X8B8G8R8 depth/stencil support: D0S0 D0S1 D0S4 D0S8 D0S16 D16S0 D16S1 D16S4 D16S8 D16S16 D24S0 D24S1 D24S4 D24S8 D24S16 D32S0 D32S1 D32S4 D32S8 D32S16 Packed-D24S8 
16:16:05: FBO PF_SHORT_RGBA depth/stencil support: D0S0 D0S1 D0S4 D0S8 D0S16 D16S0 D16S1 D16S4 D16S8 D16S16 D24S0 D24S1 D24S4 D24S8 D24S16 D32S0 D32S1 D32S4 D32S8 D32S16 Packed-D24S8 
16:16:05: FBO PF_R3G3B2 depth/stencil support: D0S0 D0S1 D0S4 D0S8 D0S16 D16S0 D16S1 D16S4 D16S8 D16S16 D24S0 D24S1 D24S4 D24S8 D24S16 D32S0 D32S1 D32S4 D32S8 D32S16 Packed-D24S8 
16:16:05: FBO PF_SHORT_RGB depth/stencil support: D0S0 D0S1 D0S4 D0S8 D0S16 D16S0 D16S1 D16S4 D16S8 D16S16 D24S0 D24S1 D24S4 D24S8 D24S16 D32S0 D32S1 D32S4 D32S8 D32S16 Packed-D24S8 
16:16:05: [GL] : Valid FBO targets PF_UNKNOWN PF_A8 PF_R5G6B5 PF_B5G6R5 PF_A4R4G4B4 PF_A1R5G5B5 PF_R8G8B8 PF_B8G8R8 PF_A8R8G8B8 PF_B8G8R8A8 PF_A2R10G10B10 PF_A2B10G10R10 PF_FLOAT16_RGB PF_FLOAT16_RGBA PF_FLOAT32_RGB PF_FLOAT32_RGBA PF_X8R8G8B8 PF_X8B8G8R8 PF_SHORT_RGBA PF_R3G3B2 PF_SHORT_RGB 
16:16:05: RenderSystem capabilities
16:16:05: -------------------------
16:16:05: RenderSystem Name: OpenGL Rendering Subsystem
16:16:05: GPU Vendor: intel
16:16:05: Device Name: Intel(R) HD Graphics 4000
16:16:05: Driver Version: 4.0.0.0
16:16:05:  * Fixed function pipeline: yes
16:16:05:  * Hardware generation of mipmaps: no
16:16:05:  * Texture blending: yes
16:16:05:  * Anisotropic texture filtering: yes
16:16:05:  * Dot product texture operation: yes
16:16:05:  * Cube mapping: yes
16:16:05:  * Hardware stencil buffer: yes
16:16:05:    - Stencil depth: 8
16:16:05:    - Two sided stencil support: yes
16:16:05:    - Wrap stencil values: yes
16:16:05:  * Hardware vertex / index buffers: yes
16:16:05:  * Vertex programs: yes
16:16:05:  * Number of floating-point constants for vertex programs: 256
16:16:05:  * Number of integer constants for vertex programs: 0
16:16:05:  * Number of boolean constants for vertex programs: 0
16:16:05:  * Fragment programs: yes
16:16:05:  * Number of floating-point constants for fragment programs: 256
16:16:05:  * Number of integer constants for fragment programs: 0
16:16:05:  * Number of boolean constants for fragment programs: 0
16:16:05:  * Geometry programs: yes
16:16:05:  * Number of floating-point constants for geometry programs: 4096
16:16:05:  * Number of integer constants for geometry programs: 0
16:16:05:  * Number of boolean constants for geometry programs: 0
16:16:05:  * Tesselation Hull programs: no
16:16:05:  * Number of floating-point constants for tesselation hull programs: 1025
16:16:05:  * Number of integer constants for tesselation hull programs: 1025
16:16:05:  * Number of boolean constants for tesselation hull programs: 124
16:16:05:  * Tesselation Domain programs: no
16:16:05:  * Number of floating-point constants for tesselation domain programs: 0
16:16:05:  * Number of integer constants for tesselation domain programs: 128
16:16:05:  * Number of boolean constants for tesselation domain programs: 8316
16:16:05:  * Compute programs: no
16:16:05:  * Number of floating-point constants for compute programs: 0
16:16:05:  * Number of integer constants for compute programs: 0
16:16:05:  * Number of boolean constants for compute programs: 0
16:16:05:  * Supported Shader Profiles: arbfp1 arbvp1 glsl gp4gp gpu_gp nvgp4
16:16:05:  * Texture Compression: yes
16:16:05:    - DXT: yes
16:16:05:    - VTC: no
16:16:05:    - PVRTC: no
16:16:05:    - ATC: no
16:16:05:    - ETC1: no
16:16:05:    - ETC2: no
16:16:05:    - BC4/BC5: no
16:16:05:    - BC6H/BC7: no
16:16:05:  * Scissor Rectangle: yes
16:16:05:  * Hardware Occlusion Query: yes
16:16:05:  * User clip planes: yes
16:16:05:  * VET_UBYTE4 vertex element type: yes
16:16:05:  * Infinite far plane projection: yes
16:16:05:  * Hardware render-to-texture: yes
16:16:05:  * Floating point textures: yes
16:16:05:  * Non-power-of-two textures: yes
16:16:05:  * 1d textures: yes
16:16:05:  * Volume textures: yes
16:16:05:  * Multiple Render Targets: 8
16:16:05:    - With different bit depths: yes
16:16:05:  * Point Sprites: yes
16:16:05:  * Extended point parameters: yes
16:16:05:  * Max Point Size: 255
16:16:05:  * Vertex texture fetch: yes
16:16:05:  * Number of world matrices: 0
16:16:05:  * Number of texture units: 16
16:16:05:  * Stencil buffer depth: 8
16:16:05:  * Number of vertex blend matrices: 0
16:16:05:    - Max vertex textures: 16
16:16:05:    - Vertex textures shared: yes
16:16:05:  * Render to Vertex Buffer : no
16:16:05:  * Hardware Atomic Counters: no
16:16:05:  * GL 1.5 without VBO workaround: no
16:16:05:  * Frame Buffer objects: yes
16:16:05:  * Frame Buffer objects (ARB extension): no
16:16:05:  * Frame Buffer objects (ATI extension): no
16:16:05:  * PBuffer support: yes
16:16:05:  * GL 1.5 without HW-occlusion workaround: no
16:16:05:  * Vertex Array Objects: no
16:16:05:  * Separate shader objects: no
16:16:05: Using FSAA from GL_ARB_multisample extension.
16:16:06: DefaultWorkQueue('Root') initialising on thread 8a8.
16:16:06: DefaultWorkQueue('Root')::WorkerFunc - thread 11ac starting.
16:16:06: DefaultWorkQueue('Root')::WorkerFunc - thread 1cf0 starting.
16:16:06: DefaultWorkQueue('Root')::WorkerFunc - thread 1d90 starting.
16:16:06: DefaultWorkQueue('Root')::WorkerFunc - thread 17c0 starting.
16:16:06: Particle Renderer Type 'billboard' registered
16:16:06: SceneManagerFactory for type 'BspSceneManager' registered.
16:16:06: Registering ResourceManager for type BspLevel
16:16:06: SceneManagerFactory for type 'PCZSceneManager' registered.
16:16:06: MovableObjectFactory for type 'PCZLight' registered.
16:16:06: MovableObjectFactory for type 'Portal' registered.
16:16:06: MovableObjectFactory for type 'AntiPortal' registered.
16:16:06: PCZone Factory Type 'ZoneType_Octree' registered
16:16:06: SceneManagerFactory for type 'OctreeSceneManager' registered.
16:16:06: OverlayElementFactory for type Panel registered.
16:16:06: OverlayElementFactory for type BorderPanel registered.
16:16:06: OverlayElementFactory for type TextArea registered.
16:16:06: Registering ResourceManager for type Font
16:16:06: Parsing scripts for resource group Autodetect
16:16:06: Finished parsing scripts for resource group Autodetect
16:16:06: Creating resources for group Autodetect
16:16:06: All done
16:16:06: Parsing scripts for resource group Essential
16:16:06: Parsing script SdkTrays.material
16:16:07: Parsing script OgreProfiler.material
16:16:07: Parsing script SdkTrays.fontdef
16:16:07: Parsing script SdkTrays.overlay
16:16:07: Texture: sdk_cursor.png: Loading 1 faces(PF_A8R8G8B8,32x32x1) with 5 generated mipmaps from Image. Internal format is PF_A8R8G8B8,32x32x1.
16:16:07: Texture: sdk_tray.png: Loading 1 faces(PF_A8R8G8B8,64x64x1) with 5 generated mipmaps from Image. Internal format is PF_A8R8G8B8,64x64x1.
16:16:07: Texture: sdk_button_up.png: Loading 1 faces(PF_A8R8G8B8,128x32x1) with 5 generated mipmaps from Image. Internal format is PF_A8R8G8B8,128x32x1.
16:16:07: Texture: sdk_text_box.png: Loading 1 faces(PF_A8R8G8B8,32x32x1) with 5 generated mipmaps from Image. Internal format is PF_A8R8G8B8,32x32x1.
16:16:07: Texture: sdk_mini_tray.png: Loading 1 faces(PF_A8R8G8B8,32x32x1) with 5 generated mipmaps from Image. Internal format is PF_A8R8G8B8,32x32x1.
16:16:07: Texture: sdk_track.png: Loading 1 faces(PF_A8R8G8B8,16x32x1) with 5 generated mipmaps from Image. Internal format is PF_A8R8G8B8,16x32x1.
16:16:07: Texture: sdk_handle.png: Loading 1 faces(PF_A8R8G8B8,16x16x1) with 4 generated mipmaps from Image. Internal format is PF_A8R8G8B8,16x16x1.
16:16:07: Texture: sdk_mini_text_box.png: Loading 1 faces(PF_A8R8G8B8,32x32x1) with 5 generated mipmaps from Image. Internal format is PF_A8R8G8B8,32x32x1.
16:16:07: Texture: sdk_label.png: Loading 1 faces(PF_A8R8G8B8,32x32x1) with 5 generated mipmaps from Image. Internal format is PF_A8R8G8B8,32x32x1.
16:16:07: Texture: sdk_separator.png: Loading 1 faces(PF_A8R8G8B8,64x16x1) with 5 generated mipmaps from Image. Internal format is PF_A8R8G8B8,64x16x1.
16:16:07: Texture: sdk_logo.png: Loading 1 faces(PF_A8R8G8B8,128x64x1) with 5 generated mipmaps from Image. Internal format is PF_A8R8G8B8,128x64x1.
16:16:07: Texture: sdk_shade.png: Loading 1 faces(PF_A8R8G8B8,64x48x1) with 5 generated mipmaps from Image. Internal format is PF_A8R8G8B8,64x48x1.
16:16:07: Texture: sdk_frame.png: Loading 1 faces(PF_A8R8G8B8,32x32x1) with 5 generated mipmaps from Image. Internal format is PF_A8R8G8B8,32x32x1.
16:16:08: Texture: sdk_mini_text_box_over.png: Loading 1 faces(PF_A8R8G8B8,32x32x1) with 5 generated mipmaps from Image. Internal format is PF_A8R8G8B8,32x32x1.
16:16:08: Texture: sdk_pulse.png: Loading 1 faces(PF_R8G8B8,8x1x1) with 3 generated mipmaps from Image. Internal format is PF_X8R8G8B8,8x1x1.
16:16:08: Finished parsing scripts for resource group Essential
16:16:08: Creating resources for group Essential
16:16:08: All done
16:16:08: Parsing scripts for resource group General
16:16:08: Finished parsing scripts for resource group General
16:16:08: Creating resources for group General
16:16:08: All done
16:16:08: Parsing scripts for resource group Internal
16:16:08: Finished parsing scripts for resource group Internal
16:16:08: Creating resources for group Internal
16:16:08: All done
16:16:08: Parsing scripts for resource group Popular
16:16:08: Parsing script DualQuaternion.program
16:16:08: OGRE EXCEPTION(7:InternalErrorException): Unable to compile Cg program Ogre/DualQuaternionHardwareSkinningTwoWeightsTwoPhaseCg: The compile returned an error.
DualQuaternion_Common.cg(167) : warning C7019: "blendWgt" is too large for semantic "BLENDWEIGHT", which is size 1
(0) : error C6007: Constant register limit exceeded; more than 96 constant registers needed to compiled program
(0) : error C6007: Constant register limit exceeded; more than 96 constant registers needed to compiled program
(0) : error C6007: Constant register limit exceeded; more than 96 constant registers needed to compiled program
 in CgProgram::compileMicrocode at ..\..\..\..\..\PlugIns\CgProgramManager\src\OgreCgProgramManagerDll.cpp (line 67)
16:16:08: High-level program Ogre/DualQuaternionHardwareSkinningTwoWeightsTwoPhaseCg encountered an error during loading and is thus not supported.
OGRE EXCEPTION(7:InternalErrorException): Unable to compile Cg program Ogre/DualQuaternionHardwareSkinningTwoWeightsTwoPhaseCg: The compile returned an error.
DualQuaternion_Common.cg(167) : warning C7019: "blendWgt" is too large for semantic "BLENDWEIGHT", which is size 1
(0) : error C6007: Constant register limit exceeded; more than 96 constant registers needed to compiled program
(0) : error C6007: Constant register limit exceeded; more than 96 constant registers needed to compiled program
(0) : error C6007: Constant register limit exceeded; more than 96 constant registers needed to compiled program
 in CgProgram::compileMicrocode at ..\..\..\..\..\PlugIns\CgProgramManager\src\OgreCgProgramManagerDll.cpp (line 67)
16:16:08: OGRE EXCEPTION(2:InvalidParametersException): Named constants have not been initialised, perhaps a compile error. in GpuProgramParameters::_findNamedConstantDefinition at ..\..\..\..\OgreMain\src\OgreGpuProgramParams.cpp (line 1709)
16:16:08: Compiler error: invalid parameters in DualQuaternion.program(28): setting of constant failed
16:16:08: Parsing script Examples.program
16:16:09: Parsing script Instancing.program
16:16:09: Problem parsing the following GLSL Uniform: ' lowp sampler2DShadow shadowMap' in file Ogre/Instancing_glsl_ps
16:16:09: OGRE EXCEPTION(2:InvalidParametersException): Parameter called shadowMap does not exist.  in GpuProgramParameters::_findNamedConstantDefinition at ..\..\..\..\OgreMain\src\OgreGpuProgramParams.cpp (line 1719)
16:16:09: Compiler error: invalid parameters in Instancing.program(24): setting of constant failed
16:16:09: Parsing script StdQuad_vp.program
16:16:09: Parsing script deferred_post.program
16:16:09: Parsing script ShadowCaster.program
16:16:10: Parsing script AdaptivePNTrianglesTessellation.material
16:16:10: Parsing script ASCII.material
16:16:10: Parsing script ASMSwizzle.material
16:16:10: Parsing script BlackAndWhite.material
16:16:10: Parsing script Bloom.material
16:16:10: Parsing script Bloom2.material
16:16:10: Parsing script CGSwizzle.material
16:16:10: Parsing script CompositorDemo.material
16:16:10: Parsing script DepthShadowmap.material
16:16:10: Parsing script Dither.material
16:16:10: Parsing script DOF.material
16:16:10: Parsing script DualQuaternion.material
16:16:11: Parsing script Embossed.material
16:16:11: Parsing script Example-Water.material
16:16:11: Parsing script Examples-Advanced.material
16:16:11: Compiler error: object unsupported by render system in Examples-Advanced.material(640): , Shader name: Examples/FresnelRefractReflectPS
16:16:11: Compiler error: object unsupported by render system in Examples-Advanced.material(938): , Shader name: Examples/TextureArrayPSasm
16:16:11: Parsing script Examples-DynTex.material
16:16:11: Parsing script Examples-Water.material
16:16:12: Parsing script Examples.material
16:16:13: Parsing script facial.material
16:16:13: Parsing script Glass.material
16:16:13: Parsing script GLSLSwizzle.material
16:16:13: Parsing script Halftone.material
16:16:13: Parsing script hdr.material
16:16:13: Parsing script HeatVision.material
16:16:13: Parsing script Hurt.material
16:16:13: Parsing script HWInstancing.material
16:16:14: Parsing script HW_VTFInstancing.material
16:16:14: Parsing script HW_VTF_LUTInstancing.material
16:16:14: Parsing script instancing.material
16:16:14: Parsing script InstancingMisc.material
16:16:14: Parsing script Invert.material
16:16:14: Parsing script IsoSurf.material
16:16:14: Problem parsing the following Cg Uniform: '@TMP29' in file Ogre/IsoSurf/TessellateTetrahedraGS_CG
16:16:14: Parsing script Laplace.material
16:16:15: Parsing script MotionBlur.material
16:16:15: Parsing script MRTtest.material
16:16:15: Parsing script NightVision.material
16:16:15: Parsing script Ocean.material
16:16:15: Parsing script OffsetMapping.material
16:16:15: Compiler error: object unsupported by render system in OffsetMapping.material(35): , Shader name: Examples/OffsetMappingPSAsm
16:16:15: Parsing script Ogre.material
16:16:15: Parsing script OldMovie.material
16:16:15: Parsing script OldTV.material
16:16:16: Parsing script ParticleGS.material
16:16:16: Parsing script Penguin.material
16:16:16: Parsing script Posterize.material
16:16:16: Parsing script pssm.material
16:16:16: Parsing script RadialBlur.material
16:16:16: Parsing script RasterizationOrder.material
16:16:16: Parsing script RZR-002.material
16:16:16: Parsing script ShaderInstancing.material
16:16:16: Parsing script ShaderSystem.material
16:16:16: Parsing script shadows.material
16:16:16: Parsing script SharpenEdges.material
16:16:16: Parsing script sibenik.material
16:16:17: Parsing script smoke.material
16:16:17: Parsing script Tesselation.material
16:16:17: Parsing script Tiling.material
16:16:17: Parsing script VarianceShadowmap.material
16:16:17: Parsing script VTFInstancing.material
16:16:17: Parsing script deferreddemo.material
16:16:17: Parsing script deferred_post.material
16:16:17: Parsing script deferred_post_minilight.material
16:16:17: Parsing script ShadowCaster.material
16:16:17: Parsing script ssao.material
16:16:17: Parsing script emitted_emitter.particle
16:16:18: Parsing script Examples-Water.particle
16:16:18: Parsing script Examples.particle
16:16:18: Parsing script smoke.particle
16:16:18: Parsing script Examples.compositor
16:16:18: Parsing script deferred.compositor
16:16:18: Parsing script ssao.compositor
16:16:18: Finished parsing scripts for resource group Popular
16:16:18: Creating resources for group Popular
16:16:18: All done
16:16:18: Texture: rockwall.tga: Loading 1 faces(PF_R8G8B8,256x256x1) with 5 generated mipmaps from Image. Internal format is PF_X8R8G8B8,256x256x1.
16:16:18: *** Initializing OIS ***
16:16:19: Texture: spot_shadow_fade.png: Loading 1 faces(PF_R8G8B8,128x128x1) with 5 generated mipmaps from Image. Internal format is PF_X8R8G8B8,128x128x1.
16:16:19: Font SdkTrays/Caption using texture size 512x256
16:16:19: Info: Freetype returned null for character 160 in font SdkTrays/Caption
16:16:19: Texture: SdkTrays/CaptionTexture: Loading 1 faces(PF_BYTE_LA,512x256x1) with 0 generated mipmaps from Image. Internal format is PF_BYTE_LA,512x256x1.
16:16:20: Font SdkTrays/Value using texture size 512x256
16:16:20: Info: Freetype returned null for character 127 in font SdkTrays/Value
16:16:20: Info: Freetype returned null for character 128 in font SdkTrays/Value
16:16:20: Info: Freetype returned null for character 129 in font SdkTrays/Value
16:16:20: Info: Freetype returned null for character 130 in font SdkTrays/Value
16:16:20: Info: Freetype returned null for character 131 in font SdkTrays/Value
16:16:20: Info: Freetype returned null for character 132 in font SdkTrays/Value
16:16:20: Info: Freetype returned null for character 133 in font SdkTrays/Value
16:16:20: Info: Freetype returned null for character 134 in font SdkTrays/Value
16:16:20: Info: Freetype returned null for character 135 in font SdkTrays/Value
16:16:20: Info: Freetype returned null for character 136 in font SdkTrays/Value
16:16:20: Info: Freetype returned null for character 137 in font SdkTrays/Value
16:16:20: Info: Freetype returned null for character 138 in font SdkTrays/Value
16:16:20: Info: Freetype returned null for character 139 in font SdkTrays/Value
16:16:20: Info: Freetype returned null for character 140 in font SdkTrays/Value
16:16:20: Info: Freetype returned null for character 141 in font SdkTrays/Value
16:16:20: Info: Freetype returned null for character 142 in font SdkTrays/Value
16:16:20: Info: Freetype returned null for character 143 in font SdkTrays/Value
16:16:20: Info: Freetype returned null for character 144 in font SdkTrays/Value
16:16:20: Info: Freetype returned null for character 145 in font SdkTrays/Value
16:16:20: Info: Freetype returned null for character 146 in font SdkTrays/Value
16:16:20: Info: Freetype returned null for character 147 in font SdkTrays/Value
16:16:20: Info: Freetype returned null for character 148 in font SdkTrays/Value
16:16:20: Info: Freetype returned null for character 149 in font SdkTrays/Value
16:16:20: Info: Freetype returned null for character 150 in font SdkTrays/Value
16:16:20: Info: Freetype returned null for character 151 in font SdkTrays/Value
16:16:20: Info: Freetype returned null for character 152 in font SdkTrays/Value
16:16:20: Info: Freetype returned null for character 153 in font SdkTrays/Value
16:16:20: Info: Freetype returned null for character 154 in font SdkTrays/Value
16:16:20: Info: Freetype returned null for character 155 in font SdkTrays/Value
16:16:20: Info: Freetype returned null for character 156 in font SdkTrays/Value
16:16:20: Info: Freetype returned null for character 157 in font SdkTrays/Value
16:16:20: Info: Freetype returned null for character 158 in font SdkTrays/Value
16:16:20: Info: Freetype returned null for character 159 in font SdkTrays/Value
16:16:20: Info: Freetype returned null for character 160 in font SdkTrays/Value
16:16:20: Texture: SdkTrays/ValueTexture: Loading 1 faces(PF_BYTE_LA,512x256x1) with 0 generated mipmaps from Image. Internal format is PF_BYTE_LA,512x256x1.
